21:06:55.221 [main] INFO  epam.array.service.impl.ArrayServiceImpl - The sum is 156
21:06:55.229 [main] INFO  epam.array.service.impl.ArrayServiceImpl - The min is 0
21:06:55.229 [main] INFO  epam.array.service.impl.ArrayServiceImpl - The max is 54
21:06:55.229 [main] INFO  epam.array.service.impl.ArrayServiceImpl - The average is 19.5
21:06:55.229 [main] INFO  epam.array.service.impl.ArrayServiceImpl - The minusNum is 0
21:06:55.229 [main] INFO  epam.array.service.impl.ArrayServiceImpl - The sum is 120
21:06:55.230 [main] INFO  epam.array.service.impl.ArrayServiceImpl - The min is 4
21:06:55.230 [main] INFO  epam.array.service.impl.ArrayServiceImpl - The max is 88
21:06:55.230 [main] INFO  epam.array.service.impl.ArrayServiceImpl - The average is 20.0
21:06:55.230 [main] INFO  epam.array.service.impl.ArrayServiceImpl - The minusNum is 0
21:06:55.230 [main] INFO  epam.array.service.impl.ArrayServiceImpl - The sum is 220
21:06:55.230 [main] INFO  epam.array.service.impl.ArrayServiceImpl - The min is 0
21:06:55.230 [main] INFO  epam.array.service.impl.ArrayServiceImpl - The max is 71
21:06:55.230 [main] INFO  epam.array.service.impl.ArrayServiceImpl - The average is 27.5
21:06:55.230 [main] INFO  epam.array.service.impl.ArrayServiceImpl - The minusNum is 0
21:06:55.230 [main] INFO  epam.array.service.impl.ArrayServiceImpl - The sum is 474
21:06:55.230 [main] INFO  epam.array.service.impl.ArrayServiceImpl - The min is 0
21:06:55.230 [main] INFO  epam.array.service.impl.ArrayServiceImpl - The max is 340
21:06:55.230 [main] INFO  epam.array.service.impl.ArrayServiceImpl - The average is 52.666666666666664
21:06:55.230 [main] INFO  epam.array.service.impl.ArrayServiceImpl - The minusNum is 0
21:07:31.479 [main] INFO  epam.array.service.impl.ArrayServiceImpl - The sum is 120
21:07:31.483 [main] INFO  epam.array.service.impl.ArrayServiceImpl - The min is 4
21:07:31.484 [main] INFO  epam.array.service.impl.ArrayServiceImpl - The max is 88
21:07:31.485 [main] INFO  epam.array.service.impl.ArrayServiceImpl - The average is 20.0
21:07:31.485 [main] INFO  epam.array.service.impl.ArrayServiceImpl - The minusNum is 0
21:07:31.486 [main] INFO  epam.array.service.impl.ArrayServiceImpl - The sum is 156
21:07:31.486 [main] INFO  epam.array.service.impl.ArrayServiceImpl - The min is 0
21:07:31.486 [main] INFO  epam.array.service.impl.ArrayServiceImpl - The max is 54
21:07:31.486 [main] INFO  epam.array.service.impl.ArrayServiceImpl - The average is 19.5
21:07:31.486 [main] INFO  epam.array.service.impl.ArrayServiceImpl - The minusNum is 0
21:07:31.486 [main] INFO  epam.array.service.impl.ArrayServiceImpl - The sum is 120
21:07:31.486 [main] INFO  epam.array.service.impl.ArrayServiceImpl - The min is 4
21:07:31.486 [main] INFO  epam.array.service.impl.ArrayServiceImpl - The max is 88
21:07:31.486 [main] INFO  epam.array.service.impl.ArrayServiceImpl - The average is 20.0
21:07:31.486 [main] INFO  epam.array.service.impl.ArrayServiceImpl - The minusNum is 0
21:07:31.487 [main] INFO  epam.array.service.impl.ArrayServiceImpl - The sum is 220
21:07:31.487 [main] INFO  epam.array.service.impl.ArrayServiceImpl - The min is 0
21:07:31.487 [main] INFO  epam.array.service.impl.ArrayServiceImpl - The max is 71
21:07:31.487 [main] INFO  epam.array.service.impl.ArrayServiceImpl - The average is 27.5
21:07:31.487 [main] INFO  epam.array.service.impl.ArrayServiceImpl - The minusNum is 0
21:07:31.487 [main] INFO  epam.array.service.impl.ArrayServiceImpl - The sum is 474
21:07:31.487 [main] INFO  epam.array.service.impl.ArrayServiceImpl - The min is 0
21:07:31.487 [main] INFO  epam.array.service.impl.ArrayServiceImpl - The max is 340
21:07:31.487 [main] INFO  epam.array.service.impl.ArrayServiceImpl - The average is 52.666666666666664
21:07:31.487 [main] INFO  epam.array.service.impl.ArrayServiceImpl - The minusNum is 0
21:08:05.503 [main] INFO  epam.array.service.impl.ArrayServiceImpl - The sum is 120
21:08:05.506 [main] INFO  epam.array.service.impl.ArrayServiceImpl - The min is 4
21:08:05.506 [main] INFO  epam.array.service.impl.ArrayServiceImpl - The max is 88
21:08:05.508 [main] INFO  epam.array.service.impl.ArrayServiceImpl - The average is 20.0
21:08:05.509 [main] INFO  epam.array.service.impl.ArrayServiceImpl - The minusNum is 0
21:08:05.509 [main] INFO  epam.array.service.impl.ArrayServiceImpl - The sum is 156
21:08:05.509 [main] INFO  epam.array.service.impl.ArrayServiceImpl - The min is 0
21:08:05.509 [main] INFO  epam.array.service.impl.ArrayServiceImpl - The max is 54
21:08:05.509 [main] INFO  epam.array.service.impl.ArrayServiceImpl - The average is 19.5
21:08:05.509 [main] INFO  epam.array.service.impl.ArrayServiceImpl - The minusNum is 0
21:08:05.509 [main] INFO  epam.array.service.impl.ArrayServiceImpl - The sum is 120
21:08:05.509 [main] INFO  epam.array.service.impl.ArrayServiceImpl - The min is 4
21:08:05.509 [main] INFO  epam.array.service.impl.ArrayServiceImpl - The max is 88
21:08:05.509 [main] INFO  epam.array.service.impl.ArrayServiceImpl - The average is 20.0
21:08:05.510 [main] INFO  epam.array.service.impl.ArrayServiceImpl - The minusNum is 0
21:08:05.510 [main] INFO  epam.array.service.impl.ArrayServiceImpl - The sum is 220
21:08:05.510 [main] INFO  epam.array.service.impl.ArrayServiceImpl - The min is 0
21:08:05.510 [main] INFO  epam.array.service.impl.ArrayServiceImpl - The max is 71
21:08:05.510 [main] INFO  epam.array.service.impl.ArrayServiceImpl - The average is 27.5
21:08:05.510 [main] INFO  epam.array.service.impl.ArrayServiceImpl - The minusNum is 0
21:08:05.510 [main] INFO  epam.array.service.impl.ArrayServiceImpl - The sum is 474
21:08:05.510 [main] INFO  epam.array.service.impl.ArrayServiceImpl - The min is 0
21:08:05.510 [main] INFO  epam.array.service.impl.ArrayServiceImpl - The max is 340
21:08:05.510 [main] INFO  epam.array.service.impl.ArrayServiceImpl - The average is 52.666666666666664
21:08:05.510 [main] INFO  epam.array.service.impl.ArrayServiceImpl - The minusNum is 0
22:00:54.430 [main] INFO  epam.array.service.impl.ArrayServiceImpl - The sum is 120
22:00:54.433 [main] INFO  epam.array.service.impl.ArrayServiceImpl - The min is 4
22:00:54.434 [main] INFO  epam.array.service.impl.ArrayServiceImpl - The max is 88
22:00:54.435 [main] INFO  epam.array.service.impl.ArrayServiceImpl - The average is 20.0
22:00:54.435 [main] INFO  epam.array.service.impl.ArrayServiceImpl - The minusNum is 0
22:00:54.436 [main] INFO  epam.array.service.impl.ArrayServiceImpl - The sum is 156
22:00:54.436 [main] INFO  epam.array.service.impl.ArrayServiceImpl - The min is 0
22:00:54.436 [main] INFO  epam.array.service.impl.ArrayServiceImpl - The max is 54
22:00:54.436 [main] INFO  epam.array.service.impl.ArrayServiceImpl - The average is 19.5
22:00:54.436 [main] INFO  epam.array.service.impl.ArrayServiceImpl - The minusNum is 0
22:00:54.436 [main] INFO  epam.array.service.impl.ArrayServiceImpl - The sum is 120
22:00:54.436 [main] INFO  epam.array.service.impl.ArrayServiceImpl - The min is 4
22:00:54.436 [main] INFO  epam.array.service.impl.ArrayServiceImpl - The max is 88
22:00:54.436 [main] INFO  epam.array.service.impl.ArrayServiceImpl - The average is 20.0
22:00:54.436 [main] INFO  epam.array.service.impl.ArrayServiceImpl - The minusNum is 0
22:00:54.437 [main] INFO  epam.array.service.impl.ArrayServiceImpl - The sum is 220
22:00:54.437 [main] INFO  epam.array.service.impl.ArrayServiceImpl - The min is 0
22:00:54.437 [main] INFO  epam.array.service.impl.ArrayServiceImpl - The max is 71
22:00:54.437 [main] INFO  epam.array.service.impl.ArrayServiceImpl - The average is 27.5
22:00:54.437 [main] INFO  epam.array.service.impl.ArrayServiceImpl - The minusNum is 0
22:00:54.437 [main] INFO  epam.array.service.impl.ArrayServiceImpl - The sum is 474
22:00:54.437 [main] INFO  epam.array.service.impl.ArrayServiceImpl - The min is 0
22:00:54.437 [main] INFO  epam.array.service.impl.ArrayServiceImpl - The max is 340
22:00:54.437 [main] INFO  epam.array.service.impl.ArrayServiceImpl - The average is 52.666666666666664
22:00:54.437 [main] INFO  epam.array.service.impl.ArrayServiceImpl - The minusNum is 0
22:03:38.599 [main] INFO  epam.array.service.impl.ArrayServiceImpl - The sum is 120
22:03:38.603 [main] INFO  epam.array.service.impl.ArrayServiceImpl - The min is 4
22:03:38.603 [main] INFO  epam.array.service.impl.ArrayServiceImpl - The max is 88
22:03:38.605 [main] INFO  epam.array.service.impl.ArrayServiceImpl - The average is 20.0
22:03:38.605 [main] INFO  epam.array.service.impl.ArrayServiceImpl - The minusNum is 0
22:03:38.606 [main] INFO  epam.array.service.impl.ArrayServiceImpl - The sum is 156
22:03:38.606 [main] INFO  epam.array.service.impl.ArrayServiceImpl - The min is 0
22:03:38.606 [main] INFO  epam.array.service.impl.ArrayServiceImpl - The max is 54
22:03:38.606 [main] INFO  epam.array.service.impl.ArrayServiceImpl - The average is 19.5
22:03:38.606 [main] INFO  epam.array.service.impl.ArrayServiceImpl - The minusNum is 0
22:03:38.606 [main] INFO  epam.array.service.impl.ArrayServiceImpl - The sum is 120
22:03:38.606 [main] INFO  epam.array.service.impl.ArrayServiceImpl - The min is 4
22:03:38.606 [main] INFO  epam.array.service.impl.ArrayServiceImpl - The max is 88
22:03:38.606 [main] INFO  epam.array.service.impl.ArrayServiceImpl - The average is 20.0
22:03:38.606 [main] INFO  epam.array.service.impl.ArrayServiceImpl - The minusNum is 0
22:03:38.606 [main] INFO  epam.array.service.impl.ArrayServiceImpl - The sum is 220
22:03:38.607 [main] INFO  epam.array.service.impl.ArrayServiceImpl - The min is 0
22:03:38.607 [main] INFO  epam.array.service.impl.ArrayServiceImpl - The max is 71
22:03:38.607 [main] INFO  epam.array.service.impl.ArrayServiceImpl - The average is 27.5
22:03:38.607 [main] INFO  epam.array.service.impl.ArrayServiceImpl - The minusNum is 0
22:03:38.607 [main] INFO  epam.array.service.impl.ArrayServiceImpl - The sum is 474
22:03:38.607 [main] INFO  epam.array.service.impl.ArrayServiceImpl - The min is 0
22:03:38.607 [main] INFO  epam.array.service.impl.ArrayServiceImpl - The max is 340
22:03:38.607 [main] INFO  epam.array.service.impl.ArrayServiceImpl - The average is 52.666666666666664
