22:03:38.607 [main] INFO  epam.array.service.impl.ArrayServiceImpl - The minusNum is 0
22:04:00.441 [main] INFO  epam.array.service.impl.ArrayServiceImpl - The sum is 120
22:04:00.445 [main] INFO  epam.array.service.impl.ArrayServiceImpl - The min is 4
22:04:00.445 [main] INFO  epam.array.service.impl.ArrayServiceImpl - The max is 88
22:04:00.446 [main] INFO  epam.array.service.impl.ArrayServiceImpl - The average is 20.0
22:04:00.447 [main] INFO  epam.array.service.impl.ArrayServiceImpl - The minusNum is 0
22:04:00.447 [main] INFO  epam.array.service.impl.ArrayServiceImpl - The sum is 156
22:04:00.447 [main] INFO  epam.array.service.impl.ArrayServiceImpl - The min is 0
22:04:00.458 [main] INFO  epam.array.service.impl.ArrayServiceImpl - The max is 54
22:04:00.458 [main] INFO  epam.array.service.impl.ArrayServiceImpl - The average is 19.5
22:04:00.458 [main] INFO  epam.array.service.impl.ArrayServiceImpl - The minusNum is 0
22:04:00.458 [main] INFO  epam.array.service.impl.ArrayServiceImpl - The sum is 120
22:04:00.458 [main] INFO  epam.array.service.impl.ArrayServiceImpl - The min is 4
22:04:00.458 [main] INFO  epam.array.service.impl.ArrayServiceImpl - The max is 88
22:04:00.458 [main] INFO  epam.array.service.impl.ArrayServiceImpl - The average is 20.0
22:04:00.459 [main] INFO  epam.array.service.impl.ArrayServiceImpl - The minusNum is 0
22:04:00.459 [main] INFO  epam.array.service.impl.ArrayServiceImpl - The sum is 220
22:04:00.459 [main] INFO  epam.array.service.impl.ArrayServiceImpl - The min is 0
22:04:00.459 [main] INFO  epam.array.service.impl.ArrayServiceImpl - The max is 71
22:04:00.459 [main] INFO  epam.array.service.impl.ArrayServiceImpl - The average is 27.5
22:04:00.459 [main] INFO  epam.array.service.impl.ArrayServiceImpl - The minusNum is 0
22:04:00.459 [main] INFO  epam.array.service.impl.ArrayServiceImpl - The sum is 474
22:04:00.459 [main] INFO  epam.array.service.impl.ArrayServiceImpl - The min is 0
22:04:00.459 [main] INFO  epam.array.service.impl.ArrayServiceImpl - The max is 340
22:04:00.459 [main] INFO  epam.array.service.impl.ArrayServiceImpl - The average is 52.666666666666664
22:04:00.459 [main] INFO  epam.array.service.impl.ArrayServiceImpl - The minusNum is 0
22:04:46.761 [main] INFO  epam.array.service.impl.ArrayServiceImpl - The sum is 120
22:04:46.765 [main] INFO  epam.array.service.impl.ArrayServiceImpl - The min is 4
22:04:46.765 [main] INFO  epam.array.service.impl.ArrayServiceImpl - The max is 88
22:04:46.766 [main] INFO  epam.array.service.impl.ArrayServiceImpl - The average is 20.0
22:04:46.766 [main] INFO  epam.array.service.impl.ArrayServiceImpl - The minusNum is 0
22:04:46.767 [main] INFO  epam.array.service.impl.ArrayServiceImpl - The sum is 156
22:04:46.767 [main] INFO  epam.array.service.impl.ArrayServiceImpl - The min is 0
22:04:46.767 [main] INFO  epam.array.service.impl.ArrayServiceImpl - The max is 54
22:04:46.767 [main] INFO  epam.array.service.impl.ArrayServiceImpl - The average is 19.5
22:04:46.767 [main] INFO  epam.array.service.impl.ArrayServiceImpl - The minusNum is 0
22:04:46.767 [main] INFO  epam.array.service.impl.ArrayServiceImpl - The sum is 120
22:04:46.767 [main] INFO  epam.array.service.impl.ArrayServiceImpl - The min is 4
22:04:46.767 [main] INFO  epam.array.service.impl.ArrayServiceImpl - The max is 88
22:04:46.767 [main] INFO  epam.array.service.impl.ArrayServiceImpl - The average is 20.0
22:04:46.768 [main] INFO  epam.array.service.impl.ArrayServiceImpl - The minusNum is 0
22:04:46.768 [main] INFO  epam.array.service.impl.ArrayServiceImpl - The sum is 220
22:04:46.768 [main] INFO  epam.array.service.impl.ArrayServiceImpl - The min is 0
22:04:46.768 [main] INFO  epam.array.service.impl.ArrayServiceImpl - The max is 71
22:04:46.768 [main] INFO  epam.array.service.impl.ArrayServiceImpl - The average is 27.5
22:04:46.768 [main] INFO  epam.array.service.impl.ArrayServiceImpl - The minusNum is 0
22:04:46.768 [main] INFO  epam.array.service.impl.ArrayServiceImpl - The sum is 474
22:04:46.768 [main] INFO  epam.array.service.impl.ArrayServiceImpl - The min is 0
22:04:46.769 [main] INFO  epam.array.service.impl.ArrayServiceImpl - The max is 340
22:04:46.769 [main] INFO  epam.array.service.impl.ArrayServiceImpl - The average is 52.666666666666664
22:04:46.769 [main] INFO  epam.array.service.impl.ArrayServiceImpl - The minusNum is 0
22:04:46.769 [main] INFO  epam.array.service.impl.ArrayServiceImpl - The sum is 91
22:04:46.770 [main] INFO  epam.array.service.impl.ArrayServiceImpl - The min is 1
22:04:46.770 [main] INFO  epam.array.service.impl.ArrayServiceImpl - The max is 66
22:04:46.770 [main] INFO  epam.array.service.impl.ArrayServiceImpl - The average is 15.166666666666666
22:04:46.770 [main] INFO  epam.array.service.impl.ArrayServiceImpl - The minusNum is 0
22:04:46.770 [main] INFO  epam.array.observer.impl.ArrayStatisticsObserverImpl - observer was called
22:05:42.380 [main] INFO  epam.array.service.impl.ArrayServiceImpl - The sum is 120
22:05:42.384 [main] INFO  epam.array.service.impl.ArrayServiceImpl - The min is 4
22:05:42.384 [main] INFO  epam.array.service.impl.ArrayServiceImpl - The max is 88
22:05:42.386 [main] INFO  epam.array.service.impl.ArrayServiceImpl - The average is 20.0
22:05:42.386 [main] INFO  epam.array.service.impl.ArrayServiceImpl - The minusNum is 0
22:05:42.387 [main] INFO  epam.array.service.impl.ArrayServiceImpl - The sum is 156
22:05:42.387 [main] INFO  epam.array.service.impl.ArrayServiceImpl - The min is 0
22:05:42.387 [main] INFO  epam.array.service.impl.ArrayServiceImpl - The max is 54
22:05:42.387 [main] INFO  epam.array.service.impl.ArrayServiceImpl - The average is 19.5
22:05:42.387 [main] INFO  epam.array.service.impl.ArrayServiceImpl - The minusNum is 0
22:05:42.387 [main] INFO  epam.array.service.impl.ArrayServiceImpl - The sum is 120
22:05:42.387 [main] INFO  epam.array.service.impl.ArrayServiceImpl - The min is 4
22:05:42.387 [main] INFO  epam.array.service.impl.ArrayServiceImpl - The max is 88
22:05:42.387 [main] INFO  epam.array.service.impl.ArrayServiceImpl - The average is 20.0
22:05:42.388 [main] INFO  epam.array.service.impl.ArrayServiceImpl - The minusNum is 0
22:05:42.388 [main] INFO  epam.array.service.impl.ArrayServiceImpl - The sum is 220
22:05:42.388 [main] INFO  epam.array.service.impl.ArrayServiceImpl - The min is 0
22:05:42.388 [main] INFO  epam.array.service.impl.ArrayServiceImpl - The max is 71
22:05:42.388 [main] INFO  epam.array.service.impl.ArrayServiceImpl - The average is 27.5
22:05:42.388 [main] INFO  epam.array.service.impl.ArrayServiceImpl - The minusNum is 0
22:05:42.388 [main] INFO  epam.array.service.impl.ArrayServiceImpl - The sum is 474
22:05:42.388 [main] INFO  epam.array.service.impl.ArrayServiceImpl - The min is 0
22:05:42.388 [main] INFO  epam.array.service.impl.ArrayServiceImpl - The max is 340
22:05:42.388 [main] INFO  epam.array.service.impl.ArrayServiceImpl - The average is 52.666666666666664
22:05:42.389 [main] INFO  epam.array.service.impl.ArrayServiceImpl - The minusNum is 0
22:05:42.389 [main] INFO  epam.array.service.impl.ArrayServiceImpl - The sum is 91
22:05:42.389 [main] INFO  epam.array.service.impl.ArrayServiceImpl - The min is 1
22:05:42.390 [main] INFO  epam.array.service.impl.ArrayServiceImpl - The max is 66
22:05:42.390 [main] INFO  epam.array.service.impl.ArrayServiceImpl - The average is 15.166666666666666
22:05:42.390 [main] INFO  epam.array.service.impl.ArrayServiceImpl - The minusNum is 0
22:05:42.390 [main] INFO  epam.array.observer.impl.ArrayStatisticsObserverImpl - observer was called
22:07:46.907 [main] INFO  epam.array.service.impl.ArrayServiceImpl - The sum is 120
22:07:46.912 [main] INFO  epam.array.service.impl.ArrayServiceImpl - The min is 4
22:07:46.912 [main] INFO  epam.array.service.impl.ArrayServiceImpl - The max is 88
22:07:46.914 [main] INFO  epam.array.service.impl.ArrayServiceImpl - The average is 20.0
22:07:46.914 [main] INFO  epam.array.service.impl.ArrayServiceImpl - The minusNum is 0
22:07:46.916 [main] INFO  epam.array.service.impl.ArrayServiceImpl - The sum is 156
22:07:46.917 [main] INFO  epam.array.service.impl.ArrayServiceImpl - The min is 0
22:07:46.917 [main] INFO  epam.array.service.impl.ArrayServiceImpl - The max is 54
22:07:46.917 [main] INFO  epam.array.service.impl.ArrayServiceImpl - The average is 19.5
22:07:46.917 [main] INFO  epam.array.service.impl.ArrayServiceImpl - The minusNum is 0
22:07:46.917 [main] INFO  epam.array.service.impl.ArrayServiceImpl - The sum is 120
22:07:46.917 [main] INFO  epam.array.service.impl.ArrayServiceImpl - The min is 4
22:07:46.917 [main] INFO  epam.array.service.impl.ArrayServiceImpl - The max is 88
22:07:46.917 [main] INFO  epam.array.service.impl.ArrayServiceImpl - The average is 20.0
22:07:46.917 [main] INFO  epam.array.service.impl.ArrayServiceImpl - The minusNum is 0
22:07:46.918 [main] INFO  epam.array.service.impl.ArrayServiceImpl - The sum is 220
22:07:46.918 [main] INFO  epam.array.service.impl.ArrayServiceImpl - The min is 0
22:07:46.918 [main] INFO  epam.array.service.impl.ArrayServiceImpl - The max is 71
22:07:46.918 [main] INFO  epam.array.service.impl.ArrayServiceImpl - The average is 27.5
22:07:46.918 [main] INFO  epam.array.service.impl.ArrayServiceImpl - The minusNum is 0
22:07:46.918 [main] INFO  epam.array.service.impl.ArrayServiceImpl - The sum is 474
22:07:46.918 [main] INFO  epam.array.service.impl.ArrayServiceImpl - The min is 0
22:07:46.919 [main] INFO  epam.array.service.impl.ArrayServiceImpl - The max is 340
22:07:46.919 [main] INFO  epam.array.service.impl.ArrayServiceImpl - The average is 52.666666666666664
22:07:46.919 [main] INFO  epam.array.service.impl.ArrayServiceImpl - The minusNum is 0
22:07:46.920 [main] INFO  epam.array.service.impl.ArrayServiceImpl - The sum is 33
22:07:46.920 [main] INFO  epam.array.service.impl.ArrayServiceImpl - The min is -2
22:07:46.920 [main] INFO  epam.array.service.impl.ArrayServiceImpl - The max is 16
22:07:46.920 [main] INFO  epam.array.service.impl.ArrayServiceImpl - The average is 5.5
22:07:46.920 [main] INFO  epam.array.service.impl.ArrayServiceImpl - The minusNum is 1
