22:07:46.920 [main] INFO  epam.array.observer.impl.ArrayStatisticsObserverImpl - observer was called
11:40:04.545 [main] INFO  epam.array.service.impl.ArrayServiceImpl - The sum is 120
11:40:04.550 [main] INFO  epam.array.service.impl.ArrayServiceImpl - The min is 4
11:40:04.551 [main] INFO  epam.array.service.impl.ArrayServiceImpl - The max is 88
11:40:04.553 [main] INFO  epam.array.service.impl.ArrayServiceImpl - The average is 20.0
11:40:04.553 [main] INFO  epam.array.service.impl.ArrayServiceImpl - The minusNum is 0
11:40:04.553 [main] INFO  epam.array.service.impl.ArrayServiceImpl - The sum is 156
11:40:04.553 [main] INFO  epam.array.service.impl.ArrayServiceImpl - The min is 0
11:40:04.553 [main] INFO  epam.array.service.impl.ArrayServiceImpl - The max is 54
11:40:04.553 [main] INFO  epam.array.service.impl.ArrayServiceImpl - The average is 19.5
11:40:04.553 [main] INFO  epam.array.service.impl.ArrayServiceImpl - The minusNum is 0
11:40:04.553 [main] INFO  epam.array.service.impl.ArrayServiceImpl - The sum is 120
11:40:04.553 [main] INFO  epam.array.service.impl.ArrayServiceImpl - The min is 4
11:40:04.553 [main] INFO  epam.array.service.impl.ArrayServiceImpl - The max is 88
11:40:04.553 [main] INFO  epam.array.service.impl.ArrayServiceImpl - The average is 20.0
11:40:04.553 [main] INFO  epam.array.service.impl.ArrayServiceImpl - The minusNum is 0
11:40:04.553 [main] INFO  epam.array.service.impl.ArrayServiceImpl - The sum is 220
11:40:04.553 [main] INFO  epam.array.service.impl.ArrayServiceImpl - The min is 0
11:40:04.553 [main] INFO  epam.array.service.impl.ArrayServiceImpl - The max is 71
11:40:04.553 [main] INFO  epam.array.service.impl.ArrayServiceImpl - The average is 27.5
11:40:04.553 [main] INFO  epam.array.service.impl.ArrayServiceImpl - The minusNum is 0
11:40:04.553 [main] INFO  epam.array.service.impl.ArrayServiceImpl - The sum is 474
11:40:04.553 [main] INFO  epam.array.service.impl.ArrayServiceImpl - The min is 0
11:40:04.559 [main] INFO  epam.array.service.impl.ArrayServiceImpl - The max is 340
11:40:04.559 [main] INFO  epam.array.service.impl.ArrayServiceImpl - The average is 52.666666666666664
11:40:04.559 [main] INFO  epam.array.service.impl.ArrayServiceImpl - The minusNum is 0
11:40:04.559 [main] INFO  epam.array.service.impl.ArrayServiceImpl - The sum is 33
11:40:04.559 [main] INFO  epam.array.service.impl.ArrayServiceImpl - The min is -2
11:40:04.559 [main] INFO  epam.array.service.impl.ArrayServiceImpl - The max is 16
11:40:04.559 [main] INFO  epam.array.service.impl.ArrayServiceImpl - The average is 5.5
11:40:04.559 [main] INFO  epam.array.service.impl.ArrayServiceImpl - The minusNum is 1
11:40:04.559 [main] INFO  epam.array.observer.impl.ArrayStatisticsObserverImpl - observer was called
11:40:30.567 [main] INFO  epam.array.service.impl.ArrayServiceImpl - The sum is 120
11:40:30.567 [main] INFO  epam.array.service.impl.ArrayServiceImpl - The min is 4
11:40:30.567 [main] INFO  epam.array.service.impl.ArrayServiceImpl - The max is 88
11:40:30.577 [main] INFO  epam.array.service.impl.ArrayServiceImpl - The average is 20.0
11:40:30.577 [main] INFO  epam.array.service.impl.ArrayServiceImpl - The minusNum is 0
11:40:30.577 [main] INFO  epam.array.service.impl.ArrayServiceImpl - The sum is 156
11:40:30.577 [main] INFO  epam.array.service.impl.ArrayServiceImpl - The min is 0
11:40:30.577 [main] INFO  epam.array.service.impl.ArrayServiceImpl - The max is 54
11:40:30.577 [main] INFO  epam.array.service.impl.ArrayServiceImpl - The average is 19.5
11:40:30.577 [main] INFO  epam.array.service.impl.ArrayServiceImpl - The minusNum is 0
11:40:30.577 [main] INFO  epam.array.service.impl.ArrayServiceImpl - The sum is 120
11:40:30.577 [main] INFO  epam.array.service.impl.ArrayServiceImpl - The min is 4
11:40:30.577 [main] INFO  epam.array.service.impl.ArrayServiceImpl - The max is 88
11:40:30.577 [main] INFO  epam.array.service.impl.ArrayServiceImpl - The average is 20.0
11:40:30.577 [main] INFO  epam.array.service.impl.ArrayServiceImpl - The minusNum is 0
11:40:30.577 [main] INFO  epam.array.service.impl.ArrayServiceImpl - The sum is 220
11:40:30.577 [main] INFO  epam.array.service.impl.ArrayServiceImpl - The min is 0
11:40:30.577 [main] INFO  epam.array.service.impl.ArrayServiceImpl - The max is 71
11:40:30.577 [main] INFO  epam.array.service.impl.ArrayServiceImpl - The average is 27.5
11:40:30.577 [main] INFO  epam.array.service.impl.ArrayServiceImpl - The minusNum is 0
11:40:30.577 [main] INFO  epam.array.service.impl.ArrayServiceImpl - The sum is 474
11:40:30.577 [main] INFO  epam.array.service.impl.ArrayServiceImpl - The min is 0
11:40:30.577 [main] INFO  epam.array.service.impl.ArrayServiceImpl - The max is 340
11:40:30.577 [main] INFO  epam.array.service.impl.ArrayServiceImpl - The average is 52.666666666666664
11:40:30.577 [main] INFO  epam.array.service.impl.ArrayServiceImpl - The minusNum is 0
11:40:30.577 [main] INFO  epam.array.service.impl.ArrayServiceImpl - The sum is 33
11:40:30.577 [main] INFO  epam.array.service.impl.ArrayServiceImpl - The min is -2
11:40:30.577 [main] INFO  epam.array.service.impl.ArrayServiceImpl - The max is 16
11:40:30.577 [main] INFO  epam.array.service.impl.ArrayServiceImpl - The average is 5.5
11:40:30.577 [main] INFO  epam.array.service.impl.ArrayServiceImpl - The minusNum is 1
11:40:30.577 [main] INFO  epam.array.observer.impl.ArrayStatisticsObserverImpl - observer was called
13:02:15.814 [main] INFO  epam.array.service.impl.ArrayServiceImpl - The average is 20.0
13:02:25.230 [main] INFO  epam.array.service.impl.ArrayServiceImpl - The average is 20.0
13:03:29.691 [main] INFO  epam.array.service.impl.ArrayServiceImpl - The average is 20.0
