12:03:34.259 [main] INFO  Main - First log
12:03:34.259 [main] ERROR Main - first error
12:03:34.259 [main] INFO  Main - old style
12:03:34.259 [main] WARN  Main - old style
12:05:47.678 [main] INFO  Main - First log
12:05:47.678 [main] ERROR Main - first error
12:05:47.678 [main] INFO  Main - old style
12:05:47.678 [main] WARN  Main - old style
12:06:02.179 [main] INFO   Main - First log
12:06:02.179 [main] ERROR  Main - first error
12:06:02.179 [main] INFO   Main - old style
12:06:02.179 [main] WARN   Main - old style
12:06:21.437 [main] INFO  Main - First log
12:06:21.437 [main] ERROR Main - first error
12:06:21.447 [main] INFO  Main - old style
12:06:21.447 [main] WARN  Main - old style
12:13:37.723 [main] INFO  Main - First log
12:13:37.723 [main] ERROR Main - first error
12:13:37.723 [main] INFO  Main - old style
12:13:37.723 [main] WARN  Main - old style
12:13:46.895 [main] INFO  Main - First log
12:13:46.895 [main] ERROR Main - first error
12:13:46.895 [main] INFO  Main - old style
12:13:46.895 [main] WARN  Main - old style
12:14:43.181 [main] INFO  Main - First log
12:14:43.181 [main] ERROR Main - first error
12:14:43.181 [main] INFO  Main - old style
12:14:43.181 [main] WARN  Main - old style
12:14:46.091 [main] INFO  Main - First log
12:14:46.091 [main] ERROR Main - first error
12:14:46.091 [main] INFO  Main - old style
12:14:46.091 [main] WARN  Main - old style
12:14:48.821 [main] INFO  Main - First log
12:14:48.821 [main] ERROR Main - first error
12:14:48.821 [main] INFO  Main - old style
12:14:48.821 [main] WARN  Main - old style
12:14:58.061 [main] INFO  Main - First log
12:14:58.061 [main] ERROR Main - first error
12:14:58.061 [main] INFO  Main - old style
12:14:58.061 [main] WARN  Main - old style
12:15:01.615 [main] INFO  Main - First log
12:15:01.615 [main] ERROR Main - first error
12:15:01.615 [main] INFO  Main - old style
12:15:01.615 [main] WARN  Main - old style
12:15:03.975 [main] INFO  Main - First log
12:15:03.975 [main] ERROR Main - first error
12:15:03.975 [main] INFO  Main - old style
12:15:03.975 [main] WARN  Main - old style
12:15:06.272 [main] INFO  Main - First log
12:15:06.272 [main] ERROR Main - first error
12:15:06.272 [main] INFO  Main - old style
12:15:06.272 [main] WARN  Main - old style
